<?xml version="1.0" encoding="UTF-8"?>
<!-- Generated by org.testng.reporters.JUnitReportReporter -->
<testsuite hostname="DESKTOP-3DCMKBJ" failures="0" tests="2" name="com.PacificPower.Test.PracticeExtentLogs" time="0.021" errors="0" timestamp="15 Aug 2019 08:52:40 GMT" skipped="0">
  <testcase classname="com.PacificPower.Test.PracticeExtentLogs" name="generateLogs1" time="0.017"/>
  <testcase classname="com.PacificPower.Test.PracticeExtentLogs" name="generateLogs2" time="0.004"/>
</testsuite> <!-- com.PacificPower.Test.PracticeExtentLogs -->
