<?xml version="1.0" encoding="UTF-8"?>
<!-- Generated by org.testng.reporters.JUnitReportReporter -->
<testsuite skipped="0" hostname="Admin-PC" name="com.PacificPower.Test.FacebookTest" tests="2" failures="0" timestamp="14 Apr 2019 11:49:46 GMT" time="0.993" errors="0">
  <testcase name="clickOnDummy" time="0.687" classname="com.PacificPower.Test.FacebookTest"/>
  <testcase name="facebookTest1" time="0.306" classname="com.PacificPower.Test.FacebookTest"/>
</testsuite> <!-- com.PacificPower.Test.FacebookTest -->
