<?xml version="1.0" encoding="UTF-8"?>
<!-- Generated by org.testng.reporters.JUnitReportReporter -->
<testsuite skipped="0" hostname="Admin-PC" name="com.PacificPower.generic.BaseTest" tests="1" failures="0" timestamp="02 Apr 2019 14:09:04 GMT" time="37.905" errors="0">
  <testcase name="initialiseWebEnvironment" time="37.905" classname="com.PacificPower.generic.BaseTest"/>
</testsuite> <!-- com.PacificPower.generic.BaseTest -->
