<?xml version="1.0" encoding="UTF-8"?>
<!-- Generated by org.testng.reporters.JUnitReportReporter -->
<testsuite skipped="0" hostname="Admin-PC" name="com.PacificPower.genericUtility.BaseTest" tests="1" failures="0" timestamp="03 Feb 2019 13:37:20 GMT" time="17.360" errors="0">
  <testcase name="initialiseWebEnvironment" time="17.360" classname="com.PacificPower.genericUtility.BaseTest"/>
</testsuite> <!-- com.PacificPower.genericUtility.BaseTest -->
